{"/Users/nicktseng/Program/interview/interview-pingan/index.js": {"path":"/Users/nicktseng/Program/interview/interview-pingan/index.js","statementMap":{"0":{"start":{"line":2,"column":34},"end":{"line":2,"column":36}},"1":{"start":{"line":3,"column":34},"end":{"line":3,"column":36}},"2":{"start":{"line":7,"column":16},"end":{"line":17,"column":17}},"3":{"start":{"line":9,"column":24},"end":{"line":9,"column":39}},"4":{"start":{"line":11,"column":24},"end":{"line":16,"column":25}},"5":{"start":{"line":12,"column":32},"end":{"line":12,"column":52}},"6":{"start":{"line":15,"column":32},"end":{"line":15,"column":51}},"7":{"start":{"line":20,"column":8},"end":{"line":20,"column":29}},"8":{"start":{"line":21,"column":8},"end":{"line":21,"column":23}},"9":{"start":{"line":22,"column":8},"end":{"line":33,"column":22}},"10":{"start":{"line":24,"column":16},"end":{"line":31,"column":17}},"11":{"start":{"line":25,"column":24},"end":{"line":25,"column":45}},"12":{"start":{"line":26,"column":24},"end":{"line":26,"column":41}},"13":{"start":{"line":27,"column":24},"end":{"line":27,"column":36}},"14":{"start":{"line":30,"column":24},"end":{"line":30,"column":45}},"15":{"start":{"line":35,"column":8},"end":{"line":35,"column":25}},"16":{"start":{"line":39,"column":0},"end":{"line":41,"column":1}}},"fnMap":{"0":{"name":"reverseNestedObj","decl":{"start":{"line":1,"column":9},"end":{"line":1,"column":25}},"loc":{"start":{"line":1,"column":39},"end":{"line":37,"column":1}},"line":1},"1":{"name":"flatten","decl":{"start":{"line":5,"column":17},"end":{"line":5,"column":24}},"loc":{"start":{"line":5,"column":31},"end":{"line":18,"column":9}},"line":5},"2":{"name":"(anonymous_2)","decl":{"start":{"line":22,"column":20},"end":{"line":22,"column":21}},"loc":{"start":{"line":22,"column":46},"end":{"line":33,"column":9}},"line":22}},"branchMap":{"0":{"loc":{"start":{"line":11,"column":24},"end":{"line":16,"column":25}},"type":"if","locations":[{"start":{"line":11,"column":24},"end":{"line":16,"column":25}},{"start":{"line":11,"column":24},"end":{"line":16,"column":25}}],"line":11},"1":{"loc":{"start":{"line":24,"column":16},"end":{"line":31,"column":17}},"type":"if","locations":[{"start":{"line":24,"column":16},"end":{"line":31,"column":17}},{"start":{"line":24,"column":16},"end":{"line":31,"column":17}}],"line":24}},"s":{"0":2,"1":2,"2":8,"3":8,"4":8,"5":2,"6":6,"7":2,"8":2,"9":2,"10":8,"11":2,"12":2,"13":2,"14":6,"15":2,"16":2},"f":{"0":2,"1":8,"2":8},"b":{"0":[2,6],"1":[2,6]},"_coverageSchema":"1a1c01bbd47fc00a2c39e90264f33305004495a9","hash":"c0179134c24ad14558ea57faca74c377466c726f"}
}
